                                Cells by Master                                 
┏━━━━━━━━━━━━━━━━━━━━━━━━━━━━━━━━━━━━━━━━━━━━━━━━━━━━━━━━━━━━━━━━┳━━━━━━━━━━━━━┓
┃ Cell                                                           ┃ Count       ┃
┡━━━━━━━━━━━━━━━━━━━━━━━━━━━━━━━━━━━━━━━━━━━━━━━━━━━━━━━━━━━━━━━━╇━━━━━━━━━━━━━┩
│ sky130_ef_sc_hd__decap_12                                      │ 744         │
│ sky130_fd_sc_hd__a2111o_1                                      │ 64          │
│ sky130_fd_sc_hd__a2111oi_1                                     │ 1           │
│ sky130_fd_sc_hd__a211o_1                                       │ 63          │
│ sky130_fd_sc_hd__a211oi_1                                      │ 9           │
│ sky130_fd_sc_hd__a211oi_2                                      │ 1           │
│ sky130_fd_sc_hd__a21bo_1                                       │ 17          │
│ sky130_fd_sc_hd__a21bo_2                                       │ 2           │
│ sky130_fd_sc_hd__a21bo_4                                       │ 1           │
│ sky130_fd_sc_hd__a21boi_1                                      │ 4           │
│ sky130_fd_sc_hd__a21boi_4                                      │ 1           │
│ sky130_fd_sc_hd__a21o_1                                        │ 123         │
│ sky130_fd_sc_hd__a21o_2                                        │ 4           │
│ sky130_fd_sc_hd__a21oi_1                                       │ 104         │
│ sky130_fd_sc_hd__a21oi_2                                       │ 10          │
│ sky130_fd_sc_hd__a21oi_4                                       │ 6           │
│ sky130_fd_sc_hd__a221o_1                                       │ 235         │
│ sky130_fd_sc_hd__a221oi_1                                      │ 3           │
│ sky130_fd_sc_hd__a221oi_4                                      │ 1           │
│ sky130_fd_sc_hd__a22o_1                                        │ 467         │
│ sky130_fd_sc_hd__a22o_2                                        │ 5           │
│ sky130_fd_sc_hd__a22oi_1                                       │ 7           │
│ sky130_fd_sc_hd__a22oi_4                                       │ 2           │
│ sky130_fd_sc_hd__a2bb2o_1                                      │ 23          │
│ sky130_fd_sc_hd__a2bb2o_2                                      │ 1           │
│ sky130_fd_sc_hd__a311o_1                                       │ 6           │
│ sky130_fd_sc_hd__a311oi_4                                      │ 1           │
│ sky130_fd_sc_hd__a31o_1                                        │ 43          │
│ sky130_fd_sc_hd__a31o_2                                        │ 1           │
│ sky130_fd_sc_hd__a31oi_2                                       │ 2           │
│ sky130_fd_sc_hd__a31oi_4                                       │ 1           │
│ sky130_fd_sc_hd__a32o_1                                        │ 10          │
│ sky130_fd_sc_hd__a32o_2                                        │ 1           │
│ sky130_fd_sc_hd__a32o_4                                        │ 1           │
│ sky130_fd_sc_hd__a41o_2                                        │ 1           │
│ sky130_fd_sc_hd__and2_1                                        │ 181         │
│ sky130_fd_sc_hd__and2_2                                        │ 9           │
│ sky130_fd_sc_hd__and2b_1                                       │ 36          │
│ sky130_fd_sc_hd__and2b_2                                       │ 2           │
│ sky130_fd_sc_hd__and2b_4                                       │ 1           │
│ sky130_fd_sc_hd__and3_1                                        │ 99          │
│ sky130_fd_sc_hd__and3_2                                        │ 9           │
│ sky130_fd_sc_hd__and3_4                                        │ 2           │
│ sky130_fd_sc_hd__and3b_1                                       │ 20          │
│ sky130_fd_sc_hd__and3b_2                                       │ 3           │
│ sky130_fd_sc_hd__and3b_4                                       │ 1           │
│ sky130_fd_sc_hd__and4_1                                        │ 15          │
│ sky130_fd_sc_hd__and4_2                                        │ 16          │
│ sky130_fd_sc_hd__buf_1                                         │ 1           │
│ sky130_fd_sc_hd__buf_2                                         │ 146         │
│ sky130_fd_sc_hd__buf_4                                         │ 97          │
│ sky130_fd_sc_hd__buf_6                                         │ 9           │
│ sky130_fd_sc_hd__bufinv_16                                     │ 2           │
│ sky130_fd_sc_hd__clkbuf_1                                      │ 77          │
│ sky130_fd_sc_hd__clkbuf_16                                     │ 1           │
│ sky130_fd_sc_hd__clkbuf_2                                      │ 109         │
│ sky130_fd_sc_hd__clkbuf_4                                      │ 238         │
│ sky130_fd_sc_hd__clkbuf_8                                      │ 91          │
│ sky130_fd_sc_hd__clkinv_2                                      │ 37          │
│ sky130_fd_sc_hd__clkinv_8                                      │ 1           │
│ sky130_fd_sc_hd__clkinvlp_4                                    │ 2           │
│ sky130_fd_sc_hd__conb_1                                        │ 14          │
│ sky130_fd_sc_hd__decap_3                                       │ 710         │
│ sky130_fd_sc_hd__decap_4                                       │ 670         │
│ sky130_fd_sc_hd__decap_6                                       │ 461         │
│ sky130_fd_sc_hd__decap_8                                       │ 524         │
│ sky130_fd_sc_hd__dfxtp_1                                       │ 1565        │
│ sky130_fd_sc_hd__dfxtp_2                                       │ 77          │
│ sky130_fd_sc_hd__dfxtp_4                                       │ 15          │
│ sky130_fd_sc_hd__diode_2                                       │ 4031        │
│ sky130_fd_sc_hd__dlygate4sd3_1                                 │ 1270        │
│ sky130_fd_sc_hd__dlymetal6s2s_1                                │ 10          │
│ sky130_fd_sc_hd__fill_1                                        │ 2291        │
│ sky130_fd_sc_hd__fill_2                                        │ 673         │
│ sky130_fd_sc_hd__inv_12                                        │ 2           │
│ sky130_fd_sc_hd__inv_16                                        │ 3           │
│ sky130_fd_sc_hd__inv_2                                         │ 55          │
│ sky130_fd_sc_hd__inv_4                                         │ 1           │
│ sky130_fd_sc_hd__inv_6                                         │ 7           │
│ sky130_fd_sc_hd__inv_8                                         │ 7           │
│ sky130_fd_sc_hd__mux2_1                                        │ 1590        │
│ sky130_fd_sc_hd__mux2_2                                        │ 1           │
│ sky130_fd_sc_hd__mux2_4                                        │ 3           │
│ sky130_fd_sc_hd__mux4_1                                        │ 1           │
│ sky130_fd_sc_hd__nand2_1                                       │ 207         │
│ sky130_fd_sc_hd__nand2_2                                       │ 31          │
│ sky130_fd_sc_hd__nand2_4                                       │ 4           │
│ sky130_fd_sc_hd__nand2_8                                       │ 3           │
│ sky130_fd_sc_hd__nand2b_1                                      │ 33          │
│ sky130_fd_sc_hd__nand2b_2                                      │ 14          │
│ sky130_fd_sc_hd__nand2b_4                                      │ 1           │
│ sky130_fd_sc_hd__nand3_1                                       │ 27          │
│ sky130_fd_sc_hd__nand3_2                                       │ 6           │
│ sky130_fd_sc_hd__nand3b_1                                      │ 2           │
│ sky130_fd_sc_hd__nand3b_4                                      │ 1           │
│ sky130_fd_sc_hd__nand4_1                                       │ 1           │
│ sky130_fd_sc_hd__nor2_1                                        │ 200         │
│ sky130_fd_sc_hd__nor2_2                                        │ 34          │
│ sky130_fd_sc_hd__nor2_4                                        │ 9           │
│ sky130_fd_sc_hd__nor2_8                                        │ 2           │
│ sky130_fd_sc_hd__nor3_1                                        │ 11          │
│ sky130_fd_sc_hd__nor3_2                                        │ 1           │
│ sky130_fd_sc_hd__nor3b_1                                       │ 2           │
│ sky130_fd_sc_hd__nor3b_4                                       │ 2           │
│ sky130_fd_sc_hd__nor4_1                                        │ 1           │
│ sky130_fd_sc_hd__nor4_2                                        │ 1           │
│ sky130_fd_sc_hd__o2111a_1                                      │ 1           │
│ sky130_fd_sc_hd__o211a_1                                       │ 102         │
│ sky130_fd_sc_hd__o211a_2                                       │ 1           │
│ sky130_fd_sc_hd__o211ai_1                                      │ 4           │
│ sky130_fd_sc_hd__o211ai_4                                      │ 1           │
│ sky130_fd_sc_hd__o21a_1                                        │ 107         │
│ sky130_fd_sc_hd__o21a_2                                        │ 4           │
│ sky130_fd_sc_hd__o21ai_1                                       │ 64          │
│ sky130_fd_sc_hd__o21ai_2                                       │ 17          │
│ sky130_fd_sc_hd__o21ai_4                                       │ 6           │
│ sky130_fd_sc_hd__o21ba_1                                       │ 13          │
│ sky130_fd_sc_hd__o21ba_2                                       │ 1           │
│ sky130_fd_sc_hd__o21bai_1                                      │ 3           │
│ sky130_fd_sc_hd__o21bai_2                                      │ 4           │
│ sky130_fd_sc_hd__o21bai_4                                      │ 2           │
│ sky130_fd_sc_hd__o221a_1                                       │ 20          │
│ sky130_fd_sc_hd__o22a_1                                        │ 46          │
│ sky130_fd_sc_hd__o22a_2                                        │ 16          │
│ sky130_fd_sc_hd__o22a_4                                        │ 4           │
│ sky130_fd_sc_hd__o22ai_1                                       │ 5           │
│ sky130_fd_sc_hd__o22ai_4                                       │ 3           │
│ sky130_fd_sc_hd__o2bb2a_1                                      │ 15          │
│ sky130_fd_sc_hd__o311a_1                                       │ 7           │
│ sky130_fd_sc_hd__o311a_2                                       │ 1           │
│ sky130_fd_sc_hd__o311a_4                                       │ 1           │
│ sky130_fd_sc_hd__o31a_1                                        │ 22          │
│ sky130_fd_sc_hd__o31a_2                                        │ 3           │
│ sky130_fd_sc_hd__o31ai_4                                       │ 2           │
│ sky130_fd_sc_hd__o32a_1                                        │ 34          │
│ sky130_fd_sc_hd__o32a_2                                        │ 8           │
│ sky130_fd_sc_hd__o32a_4                                        │ 4           │
│ sky130_fd_sc_hd__o32ai_4                                       │ 2           │
│ sky130_fd_sc_hd__o41a_1                                        │ 7           │
│ sky130_fd_sc_hd__or2_1                                         │ 320         │
│ sky130_fd_sc_hd__or2_2                                         │ 19          │
│ sky130_fd_sc_hd__or2_4                                         │ 6           │
│ sky130_fd_sc_hd__or3_1                                         │ 29          │
│ sky130_fd_sc_hd__or3_2                                         │ 7           │
│ sky130_fd_sc_hd__or3_4                                         │ 2           │
│ sky130_fd_sc_hd__or3b_1                                        │ 8           │
│ sky130_fd_sc_hd__or3b_4                                        │ 1           │
│ sky130_fd_sc_hd__or4_1                                         │ 45          │
│ sky130_fd_sc_hd__or4_2                                         │ 2           │
│ sky130_fd_sc_hd__or4bb_1                                       │ 2           │
│ sky130_fd_sc_hd__tapvpwrvgnd_1                                 │ 2158        │
│ sky130_fd_sc_hd__xnor2_1                                       │ 520         │
│ sky130_fd_sc_hd__xnor2_2                                       │ 42          │
│ sky130_fd_sc_hd__xnor2_4                                       │ 78          │
│ sky130_fd_sc_hd__xor2_1                                        │ 86          │
│ sky130_fd_sc_hd__xor2_2                                        │ 16          │
│ sky130_fd_sc_hd__xor2_4                                        │ 108         │
└────────────────────────────────────────────────────────────────┴─────────────┘
                               Cells by Function                                
┏━━━━━━━━━━━━━━━━━━━━━━━━━━━━━━━━━━━━━━━━━━━━━━━━━━━━━━━━━━━━━━━┳━━━━━━━━━━━━━━┓
┃ Cell Function                                                 ┃ Count        ┃
┡━━━━━━━━━━━━━━━━━━━━━━━━━━━━━━━━━━━━━━━━━━━━━━━━━━━━━━━━━━━━━━━╇━━━━━━━━━━━━━━┩
│ sky130_ef_sc_hd__decap                                        │ 744          │
│ sky130_fd_sc_hd__a2111o                                       │ 64           │
│ sky130_fd_sc_hd__a2111oi                                      │ 1            │
│ sky130_fd_sc_hd__a211o                                        │ 63           │
│ sky130_fd_sc_hd__a211oi                                       │ 10           │
│ sky130_fd_sc_hd__a21bo                                        │ 20           │
│ sky130_fd_sc_hd__a21boi                                       │ 5            │
│ sky130_fd_sc_hd__a21o                                         │ 127          │
│ sky130_fd_sc_hd__a21oi                                        │ 120          │
│ sky130_fd_sc_hd__a221o                                        │ 235          │
│ sky130_fd_sc_hd__a221oi                                       │ 4            │
│ sky130_fd_sc_hd__a22o                                         │ 472          │
│ sky130_fd_sc_hd__a22oi                                        │ 9            │
│ sky130_fd_sc_hd__a2bb2o                                       │ 24           │
│ sky130_fd_sc_hd__a311o                                        │ 6            │
│ sky130_fd_sc_hd__a311oi                                       │ 1            │
│ sky130_fd_sc_hd__a31o                                         │ 44           │
│ sky130_fd_sc_hd__a31oi                                        │ 3            │
│ sky130_fd_sc_hd__a32o                                         │ 12           │
│ sky130_fd_sc_hd__a41o                                         │ 1            │
│ sky130_fd_sc_hd__and2                                         │ 190          │
│ sky130_fd_sc_hd__and2b                                        │ 39           │
│ sky130_fd_sc_hd__and3                                         │ 110          │
│ sky130_fd_sc_hd__and3b                                        │ 24           │
│ sky130_fd_sc_hd__and4                                         │ 31           │
│ sky130_fd_sc_hd__buf                                          │ 253          │
│ sky130_fd_sc_hd__bufinv                                       │ 2            │
│ sky130_fd_sc_hd__clkbuf                                       │ 516          │
│ sky130_fd_sc_hd__clkinv                                       │ 38           │
│ sky130_fd_sc_hd__clkinvlp                                     │ 2            │
│ sky130_fd_sc_hd__conb                                         │ 14           │
│ sky130_fd_sc_hd__decap                                        │ 2365         │
│ sky130_fd_sc_hd__dfxtp                                        │ 1657         │
│ sky130_fd_sc_hd__diode                                        │ 4031         │
│ sky130_fd_sc_hd__dlygate4sd3                                  │ 1270         │
│ sky130_fd_sc_hd__dlymetal6s2s                                 │ 10           │
│ sky130_fd_sc_hd__fill                                         │ 2964         │
│ sky130_fd_sc_hd__inv                                          │ 75           │
│ sky130_fd_sc_hd__mux2                                         │ 1594         │
│ sky130_fd_sc_hd__mux4                                         │ 1            │
│ sky130_fd_sc_hd__nand2                                        │ 245          │
│ sky130_fd_sc_hd__nand2b                                       │ 48           │
│ sky130_fd_sc_hd__nand3                                        │ 33           │
│ sky130_fd_sc_hd__nand3b                                       │ 3            │
│ sky130_fd_sc_hd__nand4                                        │ 1            │
│ sky130_fd_sc_hd__nor2                                         │ 245          │
│ sky130_fd_sc_hd__nor3                                         │ 12           │
│ sky130_fd_sc_hd__nor3b                                        │ 4            │
│ sky130_fd_sc_hd__nor4                                         │ 2            │
│ sky130_fd_sc_hd__o2111a                                       │ 1            │
│ sky130_fd_sc_hd__o211a                                        │ 103          │
│ sky130_fd_sc_hd__o211ai                                       │ 5            │
│ sky130_fd_sc_hd__o21a                                         │ 111          │
│ sky130_fd_sc_hd__o21ai                                        │ 87           │
│ sky130_fd_sc_hd__o21ba                                        │ 14           │
│ sky130_fd_sc_hd__o21bai                                       │ 9            │
│ sky130_fd_sc_hd__o221a                                        │ 20           │
│ sky130_fd_sc_hd__o22a                                         │ 66           │
│ sky130_fd_sc_hd__o22ai                                        │ 8            │
│ sky130_fd_sc_hd__o2bb2a                                       │ 15           │
│ sky130_fd_sc_hd__o311a                                        │ 9            │
│ sky130_fd_sc_hd__o31a                                         │ 25           │
│ sky130_fd_sc_hd__o31ai                                        │ 2            │
│ sky130_fd_sc_hd__o32a                                         │ 46           │
│ sky130_fd_sc_hd__o32ai                                        │ 2            │
│ sky130_fd_sc_hd__o41a                                         │ 7            │
│ sky130_fd_sc_hd__or2                                          │ 345          │
│ sky130_fd_sc_hd__or3                                          │ 38           │
│ sky130_fd_sc_hd__or3b                                         │ 9            │
│ sky130_fd_sc_hd__or4                                          │ 47           │
│ sky130_fd_sc_hd__or4bb                                        │ 2            │
│ sky130_fd_sc_hd__tapvpwrvgnd                                  │ 2158         │
│ sky130_fd_sc_hd__xnor2                                        │ 640          │
│ sky130_fd_sc_hd__xor2                                         │ 210          │
└───────────────────────────────────────────────────────────────┴──────────────┘
                                  Cells by SCL                                  
┏━━━━━━━━━━━━━━━━━━━━━━━━━━━━━━━━━━━━━━━━━━━━━━━━━━━━━━━┳━━━━━━━━━━━━━━━━━━━━━━┓
┃ SCL                                                   ┃ Count                ┃
┡━━━━━━━━━━━━━━━━━━━━━━━━━━━━━━━━━━━━━━━━━━━━━━━━━━━━━━━╇━━━━━━━━━━━━━━━━━━━━━━┩
│ sky130_ef_sc_hd                                       │ 744                  │
│ sky130_fd_sc_hd                                       │ 20979                │
└───────────────────────────────────────────────────────┴──────────────────────┘
                             Buffers by Cell Master                             
┏━━━━━━━━━━━━━━━━━━━━━━━━━━━━━━━━━━━━━━━━━━━━━━━━━━━━━━━━━━━━━━━━┳━━━━━━━━━━━━━┓
┃ Buffer                                                         ┃ Count       ┃
┡━━━━━━━━━━━━━━━━━━━━━━━━━━━━━━━━━━━━━━━━━━━━━━━━━━━━━━━━━━━━━━━━╇━━━━━━━━━━━━━┩
│ sky130_fd_sc_hd__buf_1                                         │ 1           │
│ sky130_fd_sc_hd__buf_2                                         │ 146         │
│ sky130_fd_sc_hd__buf_4                                         │ 97          │
│ sky130_fd_sc_hd__buf_6                                         │ 9           │
│ sky130_fd_sc_hd__clkbuf_1                                      │ 77          │
│ sky130_fd_sc_hd__clkbuf_16                                     │ 1           │
│ sky130_fd_sc_hd__clkbuf_2                                      │ 109         │
│ sky130_fd_sc_hd__clkbuf_4                                      │ 238         │
│ sky130_fd_sc_hd__clkbuf_8                                      │ 91          │
│ sky130_fd_sc_hd__dlygate4sd3_1                                 │ 1270        │
│ sky130_fd_sc_hd__dlymetal6s2s_1                                │ 10          │
└────────────────────────────────────────────────────────────────┴─────────────┘
